# JRE version: OpenJDK Runtime Environment (15.0.1+9) (build 15.0.1+9)
# Java VM: OpenJDK 64-Bit Server VM (15.0.1+9, mixed mode, sharing, tiered, compressed oops, g1 gc, bsd-amd64)
GC Precious Log:
 CPUs: 8 total, 8 available
 Memory: 8192M
 Large Page Support: Disabled
 NUMA Support: Disabled
 Compressed Oops: Enabled (Zero based)
 Heap Region Size: 1M
 Heap Min Capacity: 8M
 Heap Initial Capacity: 128M
 Heap Max Capacity: 2G
 Pre-touch: Disabled
 Parallel Workers: 8
 Concurrent Workers: 2
 Concurrent Refinement Workers: 8
 Periodic GC: Disabled
Heap:
 garbage-first heap   total 240640K, used 67698K [0x0000000780000000, 0x0000000800000000)
  region size 1024K, 9 young (9216K), 1 survivors (1024K)
 Metaspace       used 25383K, capacity 25667K, committed 26112K, reserved 1073152K
  class space    used 2892K, capacity 2981K, committed 3072K, reserved 1048576K
GC Heap History (20 events):
Event: 16.210 GC heap before
{Heap before GC invocations=87 (full 0):
 garbage-first heap   total 342016K, used 150621K [0x0000000780000000, 0x0000000800000000)
  region size 1024K, 3 young (3072K), 1 survivors (1024K)
 Metaspace       used 25259K, capacity 25532K, committed 26112K, reserved 1073152K
  class space    used 2890K, capacity 2981K, committed 3072K, reserved 1048576K
}
Event: 16.210 GC heap after
{Heap after GC invocations=88 (full 0):
 garbage-first heap   total 342016K, used 108637K [0x0000000780000000, 0x0000000800000000)
  region size 1024K, 1 young (1024K), 1 survivors (1024K)
 Metaspace       used 25259K, capacity 25532K, committed 26112K, reserved 1073152K
  class space    used 2890K, capacity 2981K, committed 3072K, reserved 1048576K
}
Event: 16.382 GC heap before
{Heap before GC invocations=89 (full 0):
 garbage-first heap   total 342016K, used 150621K [0x0000000780000000, 0x0000000800000000)
  region size 1024K, 3 young (3072K), 1 survivors (1024K)
 Metaspace       used 25261K, capacity 25532K, committed 26112K, reserved 1073152K
  class space    used 2890K, capacity 2981K, committed 3072K, reserved 1048576K
}
Event: 16.383 GC heap after
{Heap after GC invocations=90 (full 0):
 garbage-first heap   total 342016K, used 108639K [0x0000000780000000, 0x0000000800000000)
  region size 1024K, 1 young (1024K), 1 survivors (1024K)
 Metaspace       used 25261K, capacity 25532K, committed 26112K, reserved 1073152K
  class space    used 2890K, capacity 2981K, committed 3072K, reserved 1048576K
}
Event: 16.547 GC heap before
{Heap before GC invocations=91 (full 0):
 garbage-first heap   total 342016K, used 150623K [0x0000000780000000, 0x0000000800000000)
  region size 1024K, 3 young (3072K), 1 survivors (1024K)
 Metaspace       used 25262K, capacity 25532K, committed 26112K, reserved 1073152K
  class space    used 2890K, capacity 2981K, committed 3072K, reserved 1048576K
}
Event: 16.548 GC heap after
{Heap after GC invocations=92 (full 0):
 garbage-first heap   total 342016K, used 108639K [0x0000000780000000, 0x0000000800000000)
  region size 1024K, 1 young (1024K), 1 survivors (1024K)
 Metaspace       used 25262K, capacity 25532K, committed 26112K, reserved 1073152K
  class space    used 2890K, capacity 2981K, committed 3072K, reserved 1048576K
}
Event: 16.720 GC heap before
{Heap before GC invocations=93 (full 0):
 garbage-first heap   total 342016K, used 150623K [0x0000000780000000, 0x0000000800000000)
  region size 1024K, 3 young (3072K), 1 survivors (1024K)
 Metaspace       used 25265K, capacity 25532K, committed 26112K, reserved 1073152K
  class space    used 2890K, capacity 2981K, committed 3072K, reserved 1048576K
}
Event: 16.721 GC heap after
{Heap after GC invocations=94 (full 0):
 garbage-first heap   total 342016K, used 108644K [0x0000000780000000, 0x0000000800000000)
  region size 1024K, 1 young (1024K), 1 survivors (1024K)
 Metaspace       used 25265K, capacity 25532K, committed 26112K, reserved 1073152K
  class space    used 2890K, capacity 2981K, committed 3072K, reserved 1048576K
}
Event: 16.893 GC heap before
{Heap before GC invocations=95 (full 0):
 garbage-first heap   total 342016K, used 150628K [0x0000000780000000, 0x0000000800000000)
  region size 1024K, 3 young (3072K), 1 survivors (1024K)
 Metaspace       used 25285K, capacity 25596K, committed 26112K, reserved 1073152K
  class space    used 2891K, capacity 2981K, committed 3072K, reserved 1048576K
}
Event: 16.894 GC heap after
{Heap after GC invocations=96 (full 0):
 garbage-first heap   total 342016K, used 108650K [0x0000000780000000, 0x0000000800000000)
  region size 1024K, 1 young (1024K), 1 survivors (1024K)
 Metaspace       used 25285K, capacity 25596K, committed 26112K, reserved 1073152K
  class space    used 2891K, capacity 2981K, committed 3072K, reserved 1048576K
}
Event: 17.065 GC heap before
{Heap before GC invocations=97 (full 0):
 garbage-first heap   total 342016K, used 225386K [0x0000000780000000, 0x0000000800000000)
  region size 1024K, 76 young (77824K), 1 survivors (1024K)
 Metaspace       used 25304K, capacity 25596K, committed 26112K, reserved 1073152K
  class space    used 2891K, capacity 2981K, committed 3072K, reserved 1048576K
}
Event: 17.066 GC heap after
{Heap after GC invocations=98 (full 0):
 garbage-first heap   total 342016K, used 59504K [0x0000000780000000, 0x0000000800000000)
  region size 1024K, 1 young (1024K), 1 survivors (1024K)
 Metaspace       used 25304K, capacity 25596K, committed 26112K, reserved 1073152K
  class space    used 2891K, capacity 2981K, committed 3072K, reserved 1048576K
}
Event: 17.212 GC heap before
{Heap before GC invocations=99 (full 0):
 garbage-first heap   total 239616K, used 236656K [0x0000000780000000, 0x0000000800000000)
  region size 1024K, 140 young (143360K), 1 survivors (1024K)
 Metaspace       used 25304K, capacity 25596K, committed 26112K, reserved 1073152K
  class space    used 2891K, capacity 2981K, committed 3072K, reserved 1048576K
}
Event: 17.213 GC heap after
{Heap after GC invocations=100 (full 0):
 garbage-first heap   total 240640K, used 61556K [0x0000000780000000, 0x0000000800000000)
  region size 1024K, 1 young (1024K), 1 survivors (1024K)
 Metaspace       used 25304K, capacity 25596K, committed 26112K, reserved 1073152K
  class space    used 2891K, capacity 2981K, committed 3072K, reserved 1048576K
}
Event: 17.376 GC heap before
{Heap before GC invocations=100 (full 0):
 garbage-first heap   total 240640K, used 235636K [0x0000000780000000, 0x0000000800000000)
  region size 1024K, 141 young (144384K), 1 survivors (1024K)
 Metaspace       used 25314K, capacity 25596K, committed 26112K, reserved 1073152K
  class space    used 2891K, capacity 2981K, committed 3072K, reserved 1048576K
}
Event: 17.376 GC heap after
{Heap after GC invocations=101 (full 0):
 garbage-first heap   total 240640K, used 52338K [0x0000000780000000, 0x0000000800000000)
  region size 1024K, 1 young (1024K), 1 survivors (1024K)
 Metaspace       used 25314K, capacity 25596K, committed 26112K, reserved 1073152K
  class space    used 2891K, capacity 2981K, committed 3072K, reserved 1048576K
}
Event: 17.529 GC heap before
{Heap before GC invocations=101 (full 0):
 garbage-first heap   total 240640K, used 234610K [0x0000000780000000, 0x0000000800000000)
  region size 1024K, 141 young (144384K), 1 survivors (1024K)
 Metaspace       used 25360K, capacity 25667K, committed 26112K, reserved 1073152K
  class space    used 2892K, capacity 2981K, committed 3072K, reserved 1048576K
}
Event: 17.530 GC heap after
{Heap after GC invocations=102 (full 0):
 garbage-first heap   total 240640K, used 60528K [0x0000000780000000, 0x0000000800000000)
  region size 1024K, 1 young (1024K), 1 survivors (1024K)
 Metaspace       used 25360K, capacity 25667K, committed 26112K, reserved 1073152K
  class space    used 2892K, capacity 2981K, committed 3072K, reserved 1048576K
}
Event: 17.643 GC heap before
{Heap before GC invocations=102 (full 0):
 garbage-first heap   total 240640K, used 234608K [0x0000000780000000, 0x0000000800000000)
  region size 1024K, 141 young (144384K), 1 survivors (1024K)
 Metaspace       used 25375K, capacity 25667K, committed 26112K, reserved 1073152K
  class space    used 2892K, capacity 2981K, committed 3072K, reserved 1048576K
}
Event: 17.644 GC heap after
{Heap after GC invocations=103 (full 0):
 garbage-first heap   total 240640K, used 52338K [0x0000000780000000, 0x0000000800000000)
  region size 1024K, 1 young (1024K), 1 survivors (1024K)
 Metaspace       used 25375K, capacity 25667K, committed 26112K, reserved 1073152K
  class space    used 2892K, capacity 2981K, committed 3072K, reserved 1048576K
}

