# JRE version: OpenJDK Runtime Environment (15.0.1+9) (build 15.0.1+9)
# Java VM: OpenJDK 64-Bit Server VM (15.0.1+9, mixed mode, sharing, tiered, compressed oops, g1 gc, bsd-amd64)
GC Precious Log:
 CPUs: 8 total, 8 available
 Memory: 8192M
 Large Page Support: Disabled
 NUMA Support: Disabled
 Compressed Oops: Enabled (Zero based)
 Heap Region Size: 1M
 Heap Min Capacity: 8M
 Heap Initial Capacity: 128M
 Heap Max Capacity: 2G
 Pre-touch: Disabled
 Parallel Workers: 8
 Concurrent Workers: 2
 Concurrent Refinement Workers: 8
 Periodic GC: Disabled
Heap:
 garbage-first heap   total 188416K, used 51984K [0x0000000780000000, 0x0000000800000000)
  region size 1024K, 2 young (2048K), 1 survivors (1024K)
 Metaspace       used 25695K, capacity 25943K, committed 26624K, reserved 1073152K
  class space    used 2919K, capacity 2989K, committed 3072K, reserved 1048576K
GC Heap History (20 events):
Event: 10.426 GC heap before
{Heap before GC invocations=123 (full 0):
 garbage-first heap   total 301056K, used 129792K [0x0000000780000000, 0x0000000800000000)
  region size 1024K, 2 young (2048K), 1 survivors (1024K)
 Metaspace       used 25541K, capacity 25791K, committed 26368K, reserved 1073152K
  class space    used 2915K, capacity 2982K, committed 3072K, reserved 1048576K
}
Event: 10.427 GC heap after
{Heap after GC invocations=124 (full 0):
 garbage-first heap   total 301056K, used 101122K [0x0000000780000000, 0x0000000800000000)
  region size 1024K, 1 young (1024K), 1 survivors (1024K)
 Metaspace       used 25541K, capacity 25791K, committed 26368K, reserved 1073152K
  class space    used 2915K, capacity 2982K, committed 3072K, reserved 1048576K
}
Event: 10.521 GC heap before
{Heap before GC invocations=125 (full 0):
 garbage-first heap   total 301056K, used 129794K [0x0000000780000000, 0x0000000800000000)
  region size 1024K, 2 young (2048K), 1 survivors (1024K)
 Metaspace       used 25546K, capacity 25791K, committed 26368K, reserved 1073152K
  class space    used 2915K, capacity 2982K, committed 3072K, reserved 1048576K
}
Event: 10.522 GC heap after
{Heap after GC invocations=126 (full 0):
 garbage-first heap   total 301056K, used 101120K [0x0000000780000000, 0x0000000800000000)
  region size 1024K, 1 young (1024K), 1 survivors (1024K)
 Metaspace       used 25546K, capacity 25791K, committed 26368K, reserved 1073152K
  class space    used 2915K, capacity 2982K, committed 3072K, reserved 1048576K
}
Event: 10.669 GC heap before
{Heap before GC invocations=127 (full 0):
 garbage-first heap   total 301056K, used 129792K [0x0000000780000000, 0x0000000800000000)
  region size 1024K, 2 young (2048K), 1 survivors (1024K)
 Metaspace       used 25556K, capacity 25855K, committed 26624K, reserved 1073152K
  class space    used 2915K, capacity 2982K, committed 3072K, reserved 1048576K
}
Event: 10.671 GC heap after
{Heap after GC invocations=128 (full 0):
 garbage-first heap   total 301056K, used 101120K [0x0000000780000000, 0x0000000800000000)
  region size 1024K, 1 young (1024K), 1 survivors (1024K)
 Metaspace       used 25556K, capacity 25855K, committed 26624K, reserved 1073152K
  class space    used 2915K, capacity 2982K, committed 3072K, reserved 1048576K
}
Event: 10.766 GC heap before
{Heap before GC invocations=129 (full 0):
 garbage-first heap   total 301056K, used 129792K [0x0000000780000000, 0x0000000800000000)
  region size 1024K, 2 young (2048K), 1 survivors (1024K)
 Metaspace       used 25562K, capacity 25855K, committed 26624K, reserved 1073152K
  class space    used 2915K, capacity 2982K, committed 3072K, reserved 1048576K
}
Event: 10.767 GC heap after
{Heap after GC invocations=130 (full 0):
 garbage-first heap   total 301056K, used 101120K [0x0000000780000000, 0x0000000800000000)
  region size 1024K, 1 young (1024K), 1 survivors (1024K)
 Metaspace       used 25562K, capacity 25855K, committed 26624K, reserved 1073152K
  class space    used 2915K, capacity 2982K, committed 3072K, reserved 1048576K
}
Event: 10.902 GC heap before
{Heap before GC invocations=131 (full 0):
 garbage-first heap   total 301056K, used 129792K [0x0000000780000000, 0x0000000800000000)
  region size 1024K, 2 young (2048K), 1 survivors (1024K)
 Metaspace       used 25567K, capacity 25855K, committed 26624K, reserved 1073152K
  class space    used 2915K, capacity 2982K, committed 3072K, reserved 1048576K
}
Event: 10.903 GC heap after
{Heap after GC invocations=132 (full 0):
 garbage-first heap   total 301056K, used 101118K [0x0000000780000000, 0x0000000800000000)
  region size 1024K, 1 young (1024K), 1 survivors (1024K)
 Metaspace       used 25567K, capacity 25855K, committed 26624K, reserved 1073152K
  class space    used 2915K, capacity 2982K, committed 3072K, reserved 1048576K
}
Event: 11.011 GC heap before
{Heap before GC invocations=133 (full 0):
 garbage-first heap   total 301056K, used 129790K [0x0000000780000000, 0x0000000800000000)
  region size 1024K, 2 young (2048K), 1 survivors (1024K)
 Metaspace       used 25568K, capacity 25855K, committed 26624K, reserved 1073152K
  class space    used 2915K, capacity 2982K, committed 3072K, reserved 1048576K
}
Event: 11.012 GC heap after
{Heap after GC invocations=134 (full 0):
 garbage-first heap   total 301056K, used 101124K [0x0000000780000000, 0x0000000800000000)
  region size 1024K, 1 young (1024K), 1 survivors (1024K)
 Metaspace       used 25568K, capacity 25855K, committed 26624K, reserved 1073152K
  class space    used 2915K, capacity 2982K, committed 3072K, reserved 1048576K
}
Event: 11.146 GC heap before
{Heap before GC invocations=135 (full 0):
 garbage-first heap   total 301056K, used 129796K [0x0000000780000000, 0x0000000800000000)
  region size 1024K, 2 young (2048K), 1 survivors (1024K)
 Metaspace       used 25571K, capacity 25855K, committed 26624K, reserved 1073152K
  class space    used 2915K, capacity 2982K, committed 3072K, reserved 1048576K
}
Event: 11.147 GC heap after
{Heap after GC invocations=136 (full 0):
 garbage-first heap   total 301056K, used 101126K [0x0000000780000000, 0x0000000800000000)
  region size 1024K, 1 young (1024K), 1 survivors (1024K)
 Metaspace       used 25571K, capacity 25855K, committed 26624K, reserved 1073152K
  class space    used 2915K, capacity 2982K, committed 3072K, reserved 1048576K
}
Event: 11.242 GC heap before
{Heap before GC invocations=137 (full 0):
 garbage-first heap   total 301056K, used 129798K [0x0000000780000000, 0x0000000800000000)
  region size 1024K, 2 young (2048K), 1 survivors (1024K)
 Metaspace       used 25571K, capacity 25855K, committed 26624K, reserved 1073152K
  class space    used 2915K, capacity 2982K, committed 3072K, reserved 1048576K
}
Event: 11.243 GC heap after
{Heap after GC invocations=138 (full 0):
 garbage-first heap   total 301056K, used 101122K [0x0000000780000000, 0x0000000800000000)
  region size 1024K, 1 young (1024K), 1 survivors (1024K)
 Metaspace       used 25571K, capacity 25855K, committed 26624K, reserved 1073152K
  class space    used 2915K, capacity 2982K, committed 3072K, reserved 1048576K
}
Event: 11.380 GC heap before
{Heap before GC invocations=139 (full 0):
 garbage-first heap   total 301056K, used 129794K [0x0000000780000000, 0x0000000800000000)
  region size 1024K, 2 young (2048K), 1 survivors (1024K)
 Metaspace       used 25573K, capacity 25855K, committed 26624K, reserved 1073152K
  class space    used 2915K, capacity 2982K, committed 3072K, reserved 1048576K
}
Event: 11.381 GC heap after
{Heap after GC invocations=140 (full 0):
 garbage-first heap   total 301056K, used 101120K [0x0000000780000000, 0x0000000800000000)
  region size 1024K, 1 young (1024K), 1 survivors (1024K)
 Metaspace       used 25573K, capacity 25855K, committed 26624K, reserved 1073152K
  class space    used 2915K, capacity 2982K, committed 3072K, reserved 1048576K
}
Event: 11.488 GC heap before
{Heap before GC invocations=141 (full 0):
 garbage-first heap   total 301056K, used 130816K [0x0000000780000000, 0x0000000800000000)
  region size 1024K, 3 young (3072K), 1 survivors (1024K)
 Metaspace       used 25669K, capacity 25943K, committed 26624K, reserved 1073152K
  class space    used 2919K, capacity 2989K, committed 3072K, reserved 1048576K
}
Event: 11.489 GC heap after
{Heap after GC invocations=142 (full 0):
 garbage-first heap   total 301056K, used 47888K [0x0000000780000000, 0x0000000800000000)
  region size 1024K, 1 young (1024K), 1 survivors (1024K)
 Metaspace       used 25669K, capacity 25943K, committed 26624K, reserved 1073152K
  class space    used 2919K, capacity 2989K, committed 3072K, reserved 1048576K
}

