# JRE version: OpenJDK Runtime Environment (15.0.1+9) (build 15.0.1+9)
# Java VM: OpenJDK 64-Bit Server VM (15.0.1+9, mixed mode, sharing, tiered, compressed oops, g1 gc, bsd-amd64)
GC Precious Log:
 CPUs: 8 total, 8 available
 Memory: 8192M
 Large Page Support: Disabled
 NUMA Support: Disabled
 Compressed Oops: Enabled (Zero based)
 Heap Region Size: 1M
 Heap Min Capacity: 8M
 Heap Initial Capacity: 128M
 Heap Max Capacity: 2G
 Pre-touch: Disabled
 Parallel Workers: 8
 Concurrent Workers: 2
 Concurrent Refinement Workers: 8
 Periodic GC: Disabled
Heap:
 garbage-first heap   total 259072K, used 109494K [0x0000000780000000, 0x0000000800000000)
  region size 1024K, 2 young (2048K), 1 survivors (1024K)
 Metaspace       used 26500K, capacity 26766K, committed 27392K, reserved 1073152K
  class space    used 2919K, capacity 2989K, committed 3072K, reserved 1048576K
GC Heap History (20 events):
Event: 38.073 GC heap before
{Heap before GC invocations=697 (full 0):
 garbage-first heap   total 259072K, used 113574K [0x0000000780000000, 0x0000000800000000)
  region size 1024K, 2 young (2048K), 1 survivors (1024K)
 Metaspace       used 26489K, capacity 26766K, committed 27392K, reserved 1073152K
  class space    used 2919K, capacity 2989K, committed 3072K, reserved 1048576K
}
Event: 38.074 GC heap after
{Heap after GC invocations=698 (full 0):
 garbage-first heap   total 259072K, used 97188K [0x0000000780000000, 0x0000000800000000)
  region size 1024K, 1 young (1024K), 1 survivors (1024K)
 Metaspace       used 26489K, capacity 26766K, committed 27392K, reserved 1073152K
  class space    used 2919K, capacity 2989K, committed 3072K, reserved 1048576K
}
Event: 38.148 GC heap before
{Heap before GC invocations=699 (full 0):
 garbage-first heap   total 259072K, used 113572K [0x0000000780000000, 0x0000000800000000)
  region size 1024K, 2 young (2048K), 1 survivors (1024K)
 Metaspace       used 26489K, capacity 26766K, committed 27392K, reserved 1073152K
  class space    used 2919K, capacity 2989K, committed 3072K, reserved 1048576K
}
Event: 38.149 GC heap after
{Heap after GC invocations=700 (full 0):
 garbage-first heap   total 259072K, used 97188K [0x0000000780000000, 0x0000000800000000)
  region size 1024K, 1 young (1024K), 1 survivors (1024K)
 Metaspace       used 26489K, capacity 26766K, committed 27392K, reserved 1073152K
  class space    used 2919K, capacity 2989K, committed 3072K, reserved 1048576K
}
Event: 38.212 GC heap before
{Heap before GC invocations=701 (full 0):
 garbage-first heap   total 259072K, used 113572K [0x0000000780000000, 0x0000000800000000)
  region size 1024K, 2 young (2048K), 1 survivors (1024K)
 Metaspace       used 26489K, capacity 26766K, committed 27392K, reserved 1073152K
  class space    used 2919K, capacity 2989K, committed 3072K, reserved 1048576K
}
Event: 38.214 GC heap after
{Heap after GC invocations=702 (full 0):
 garbage-first heap   total 259072K, used 97192K [0x0000000780000000, 0x0000000800000000)
  region size 1024K, 1 young (1024K), 1 survivors (1024K)
 Metaspace       used 26489K, capacity 26766K, committed 27392K, reserved 1073152K
  class space    used 2919K, capacity 2989K, committed 3072K, reserved 1048576K
}
Event: 38.287 GC heap before
{Heap before GC invocations=703 (full 0):
 garbage-first heap   total 259072K, used 113576K [0x0000000780000000, 0x0000000800000000)
  region size 1024K, 2 young (2048K), 1 survivors (1024K)
 Metaspace       used 26489K, capacity 26766K, committed 27392K, reserved 1073152K
  class space    used 2919K, capacity 2989K, committed 3072K, reserved 1048576K
}
Event: 38.288 GC heap after
{Heap after GC invocations=704 (full 0):
 garbage-first heap   total 259072K, used 97188K [0x0000000780000000, 0x0000000800000000)
  region size 1024K, 1 young (1024K), 1 survivors (1024K)
 Metaspace       used 26489K, capacity 26766K, committed 27392K, reserved 1073152K
  class space    used 2919K, capacity 2989K, committed 3072K, reserved 1048576K
}
Event: 38.350 GC heap before
{Heap before GC invocations=705 (full 0):
 garbage-first heap   total 259072K, used 113572K [0x0000000780000000, 0x0000000800000000)
  region size 1024K, 2 young (2048K), 1 survivors (1024K)
 Metaspace       used 26489K, capacity 26766K, committed 27392K, reserved 1073152K
  class space    used 2919K, capacity 2989K, committed 3072K, reserved 1048576K
}
Event: 38.350 GC heap after
{Heap after GC invocations=706 (full 0):
 garbage-first heap   total 259072K, used 97188K [0x0000000780000000, 0x0000000800000000)
  region size 1024K, 1 young (1024K), 1 survivors (1024K)
 Metaspace       used 26489K, capacity 26766K, committed 27392K, reserved 1073152K
  class space    used 2919K, capacity 2989K, committed 3072K, reserved 1048576K
}
Event: 38.417 GC heap before
{Heap before GC invocations=707 (full 0):
 garbage-first heap   total 259072K, used 113572K [0x0000000780000000, 0x0000000800000000)
  region size 1024K, 2 young (2048K), 1 survivors (1024K)
 Metaspace       used 26490K, capacity 26766K, committed 27392K, reserved 1073152K
  class space    used 2919K, capacity 2989K, committed 3072K, reserved 1048576K
}
Event: 38.418 GC heap after
{Heap after GC invocations=708 (full 0):
 garbage-first heap   total 259072K, used 97190K [0x0000000780000000, 0x0000000800000000)
  region size 1024K, 1 young (1024K), 1 survivors (1024K)
 Metaspace       used 26490K, capacity 26766K, committed 27392K, reserved 1073152K
  class space    used 2919K, capacity 2989K, committed 3072K, reserved 1048576K
}
Event: 38.492 GC heap before
{Heap before GC invocations=709 (full 0):
 garbage-first heap   total 259072K, used 113574K [0x0000000780000000, 0x0000000800000000)
  region size 1024K, 2 young (2048K), 1 survivors (1024K)
 Metaspace       used 26490K, capacity 26766K, committed 27392K, reserved 1073152K
  class space    used 2919K, capacity 2989K, committed 3072K, reserved 1048576K
}
Event: 38.493 GC heap after
{Heap after GC invocations=710 (full 0):
 garbage-first heap   total 259072K, used 97194K [0x0000000780000000, 0x0000000800000000)
  region size 1024K, 1 young (1024K), 1 survivors (1024K)
 Metaspace       used 26490K, capacity 26766K, committed 27392K, reserved 1073152K
  class space    used 2919K, capacity 2989K, committed 3072K, reserved 1048576K
}
Event: 38.556 GC heap before
{Heap before GC invocations=711 (full 0):
 garbage-first heap   total 259072K, used 113578K [0x0000000780000000, 0x0000000800000000)
  region size 1024K, 2 young (2048K), 1 survivors (1024K)
 Metaspace       used 26494K, capacity 26766K, committed 27392K, reserved 1073152K
  class space    used 2919K, capacity 2989K, committed 3072K, reserved 1048576K
}
Event: 38.557 GC heap after
{Heap after GC invocations=712 (full 0):
 garbage-first heap   total 259072K, used 97203K [0x0000000780000000, 0x0000000800000000)
  region size 1024K, 1 young (1024K), 1 survivors (1024K)
 Metaspace       used 26494K, capacity 26766K, committed 27392K, reserved 1073152K
  class space    used 2919K, capacity 2989K, committed 3072K, reserved 1048576K
}
Event: 38.631 GC heap before
{Heap before GC invocations=713 (full 0):
 garbage-first heap   total 259072K, used 113587K [0x0000000780000000, 0x0000000800000000)
  region size 1024K, 2 young (2048K), 1 survivors (1024K)
 Metaspace       used 26494K, capacity 26766K, committed 27392K, reserved 1073152K
  class space    used 2919K, capacity 2989K, committed 3072K, reserved 1048576K
}
Event: 38.632 GC heap after
{Heap after GC invocations=714 (full 0):
 garbage-first heap   total 259072K, used 97203K [0x0000000780000000, 0x0000000800000000)
  region size 1024K, 1 young (1024K), 1 survivors (1024K)
 Metaspace       used 26494K, capacity 26766K, committed 27392K, reserved 1073152K
  class space    used 2919K, capacity 2989K, committed 3072K, reserved 1048576K
}
Event: 38.696 GC heap before
{Heap before GC invocations=715 (full 0):
 garbage-first heap   total 259072K, used 113587K [0x0000000780000000, 0x0000000800000000)
  region size 1024K, 2 young (2048K), 1 survivors (1024K)
 Metaspace       used 26494K, capacity 26766K, committed 27392K, reserved 1073152K
  class space    used 2919K, capacity 2989K, committed 3072K, reserved 1048576K
}
Event: 38.698 GC heap after
{Heap after GC invocations=716 (full 0):
 garbage-first heap   total 259072K, used 97206K [0x0000000780000000, 0x0000000800000000)
  region size 1024K, 1 young (1024K), 1 survivors (1024K)
 Metaspace       used 26494K, capacity 26766K, committed 27392K, reserved 1073152K
  class space    used 2919K, capacity 2989K, committed 3072K, reserved 1048576K
}

